<?xml version="1.0" encoding="UTF-8"?>
<!-- Generated by org.testng.reporters.JUnitReportReporter -->
<testsuite hostname="DESKTOP-300AGVG" failures="0" tests="1" name="sample.Reg" time="35.475" errors="0" timestamp="2020-07-19T21:31:34 EDT" skipped="0">
  <testcase classname="sample.Reg" name="RegisterUser" time="35.475"/>
</testsuite> <!-- sample.Reg -->
